<?xml version="1.0" encoding="UTF-8"?>
<testng-results skipped="0" failed="0" total="1" passed="1">
  <reporter-output>
  </reporter-output>
  <suite name="Default suite" duration-ms="138" started-at="2016-11-16T09:50:19Z" finished-at="2016-11-16T09:50:19Z">
    <groups>
    </groups>
    <test name="Default test" duration-ms="138" started-at="2016-11-16T09:50:19Z" finished-at="2016-11-16T09:50:19Z">
      <class name="com.cisco.poc.TeamMemberCRUDTest">
        <test-method status="PASS" signature="init()[pri:0, instance:com.cisco.poc.TeamMemberCRUDTest@2b98378d]" name="init" is-config="true" duration-ms="39" started-at="2016-11-16T15:20:19Z" finished-at="2016-11-16T15:20:19Z">
          <reporter-output>
          </reporter-output>
        </test-method> <!-- init -->
        <test-method status="PASS" signature="RemoveDocument()[pri:5, instance:com.cisco.poc.TeamMemberCRUDTest@2b98378d]" name="RemoveDocument" duration-ms="81" started-at="2016-11-16T15:20:19Z" finished-at="2016-11-16T15:20:19Z">
          <reporter-output>
          </reporter-output>
        </test-method> <!-- RemoveDocument -->
      </class> <!-- com.cisco.poc.TeamMemberCRUDTest -->
    </test> <!-- Default test -->
  </suite> <!-- Default suite -->
</testng-results>
